#
# There is insufficient memory for the Java Runtime Environment to continue.
# Native memory allocation (malloc) failed to allocate 728 bytes for AllocateHeap
# Possible reasons:
#   The system is out of physical RAM or swap space
#   In 32 bit mode, the process size limit was hit
# Possible solutions:
#   Reduce memory load on the system
#   Increase physical memory or swap space
#   Check if swap backing store is full
#   Use 64 bit Java on a 64 bit OS
#   Decrease Java heap size (-Xmx/-Xms)
#   Decrease number of Java threads
#   Decrease Java thread stack sizes (-Xss)
#   Set larger code cache with -XX:ReservedCodeCacheSize=
# This output file may be truncated or incomplete.
#
#  Out of Memory Error (memory/allocation.inline.hpp:61), pid=6104, tid=0x000000000000172c
#
# JRE version: Java(TM) SE Runtime Environment (8.0_181-b13) (build 1.8.0_181-b13)
# Java VM: Java HotSpot(TM) 64-Bit Server VM (25.181-b13 mixed mode windows-amd64 compressed oops)
# Failed to write core dump. Minidumps are not enabled by default on client versions of Windows
#

---------------  T H R E A D  ---------------

Current thread (0x00000000028be000):  JavaThread "main" [_thread_in_vm, id=5932, stack(0x0000000002790000,0x0000000002890000)]

Stack: [0x0000000002790000,0x0000000002890000]
[error occurred during error reporting (printing stack bounds), id 0xc0000005]

Native frames: (J=compiled Java code, j=interpreted, Vv=VM code, C=native code)

Java frames: (J=compiled Java code, j=interpreted, Vv=VM code)
j  sun.misc.Unsafe.defineAnonymousClass(Ljava/lang/Class;[B[Ljava/lang/Object;)Ljava/lang/Class;+0
j  java.lang.invoke.InvokerBytecodeGenerator.loadAndInitializeInvokerClass([B[Ljava/lang/Object;)Ljava/lang/Class;+8
j  java.lang.invoke.InvokerBytecodeGenerator.loadMethod([B)Ljava/lang/invoke/MemberName;+6
j  java.lang.invoke.InvokerBytecodeGenerator.generateCustomizedCode(Ljava/lang/invoke/LambdaForm;Ljava/lang/invoke/MethodType;)Ljava/lang/invoke/MemberName;+17
j  java.lang.invoke.LambdaForm.compileToBytecode()Ljava/lang/invoke/MemberName;+65
j  java.lang.invoke.DirectMethodHandle.makePreparedLambdaForm(Ljava/lang/invoke/MethodType;I)Ljava/lang/invoke/LambdaForm;+713
j  java.lang.invoke.DirectMethodHandle.preparedLambdaForm(Ljava/lang/invoke/MethodType;I)Ljava/lang/invoke/LambdaForm;+17
j  java.lang.invoke.DirectMethodHandle.preparedLambdaForm(Ljava/lang/invoke/MemberName;)Ljava/lang/invoke/LambdaForm;+151
j  java.lang.invoke.DirectMethodHandle.make(BLjava/lang/Class;Ljava/lang/invoke/MemberName;)Ljava/lang/invoke/DirectMethodHandle;+137
j  java.lang.invoke.DirectMethodHandle.make(Ljava/lang/Class;Ljava/lang/invoke/MemberName;)Ljava/lang/invoke/DirectMethodHandle;+16
j  java.lang.invoke.DirectMethodHandle.make(Ljava/lang/invoke/MemberName;)Ljava/lang/invoke/DirectMethodHandle;+17
j  java.lang.invoke.Invokers.basicInvoker()Ljava/lang/invoke/MethodHandle;+60
j  java.lang.invoke.LambdaForm$NamedFunction.<init>(Ljava/lang/invoke/MethodType;)V+42
j  java.lang.invoke.LambdaForm$Name.<init>(Ljava/lang/invoke/MethodType;[Ljava/lang/Object;)V+6
j  java.lang.invoke.DelegatingMethodHandle.makeReinvokerForm(Ljava/lang/invoke/MethodHandle;ILjava/lang/Object;Ljava/lang/String;ZLjava/lang/invoke/LambdaForm$NamedFunction;Ljava/lang/invoke/LambdaForm$NamedFunction;)Ljava/lang/invoke/LambdaForm;+291
j  java.lang.invoke.DelegatingMethodHandle.makeReinvokerForm(Ljava/lang/invoke/MethodHandle;ILjava/lang/Object;Ljava/lang/invoke/LambdaForm$NamedFunction;)Ljava/lang/invoke/LambdaForm;+54
j  java.lang.invoke.DelegatingMethodHandle.chooseDelegatingForm(Ljava/lang/invoke/MethodHandle;)Ljava/lang/invoke/LambdaForm;+20
j  java.lang.invoke.DelegatingMethodHandle.<init>(Ljava/lang/invoke/MethodType;Ljava/lang/invoke/MethodHandle;)V+3
j  java.lang.invoke.MethodHandleImpl$AsVarargsCollector.<init>(Ljava/lang/invoke/MethodType;Ljava/lang/invoke/MethodHandle;Ljava/lang/Class;)V+3
j  java.lang.invoke.MethodHandleImpl$AsVarargsCollector.<init>(Ljava/lang/invoke/MethodHandle;Ljava/lang/Class;)V+7
j  java.lang.invoke.MethodHandleImpl.makeVarargsCollector(Ljava/lang/invoke/MethodHandle;Ljava/lang/Class;)Ljava/lang/invoke/MethodHandle;+43
j  java.lang.invoke.MethodHandle.setVarargs(Ljava/lang/invoke/MemberName;)Ljava/lang/invoke/MethodHandle;+26
j  java.lang.invoke.MethodHandles$Lookup.getDirectMethodCommon(BLjava/lang/Class;Ljava/lang/invoke/MemberName;ZZLjava/lang/Class;)Ljava/lang/invoke/MethodHandle;+263
j  java.lang.invoke.MethodHandles$Lookup.getDirectMethod(BLjava/lang/Class;Ljava/lang/invoke/MemberName;Ljava/lang/Class;)Ljava/lang/invoke/MethodHandle;+8
j  java.lang.invoke.MethodHandles$Lookup.findStatic(Ljava/lang/Class;Ljava/lang/String;Ljava/lang/invoke/MethodType;)Ljava/lang/invoke/MethodHandle;+23
j  java.lang.invoke.CallSite.<clinit>()V+35
v  ~StubRoutines::call_stub
j  java.lang.invoke.MethodHandleNatives.linkCallSiteImpl(Ljava/lang/Class;Ljava/lang/invoke/MethodHandle;Ljava/lang/String;Ljava/lang/invoke/MethodType;Ljava/lang/Object;[Ljava/lang/Object;)Ljava/lang/invoke/MemberName;+6
j  java.lang.invoke.MethodHandleNatives.linkCallSite(Ljava/lang/Object;Ljava/lang/Object;Ljava/lang/Object;Ljava/lang/Object;Ljava/lang/Object;[Ljava/lang/Object;)Ljava/lang/invoke/MemberName;+45
v  ~StubRoutines::call_stub
j  java.awt.GraphicsEnvironment.getHeadlessProperty()Z+6
j  java.awt.GraphicsEnvironment.isHeadless()Z+0
j  java.awt.Toolkit.<clinit>()V+47
v  ~StubRoutines::call_stub
j  java.awt.Component.<clinit>()V+93
v  ~StubRoutines::call_stub

---------------  P R O C E S S  ---------------

Java Threads: ( => current thread )
  0x0000000014e04800 JavaThread "Service Thread" daemon [_thread_blocked, id=8932, stack(0x0000000015fe0000,0x00000000160e0000)]
  0x0000000014dac800 JavaThread "C1 CompilerThread1" daemon [_thread_blocked, id=8428, stack(0x0000000015ee0000,0x0000000015fe0000)]
  0x0000000014da9800 JavaThread "C2 CompilerThread0" daemon [_thread_blocked, id=1804, stack(0x0000000015de0000,0x0000000015ee0000)]
  0x0000000014da8000 JavaThread "Attach Listener" daemon [_thread_blocked, id=5560, stack(0x0000000015ce0000,0x0000000015de0000)]
  0x0000000014da5000 JavaThread "Signal Dispatcher" daemon [_thread_blocked, id=200, stack(0x0000000015be0000,0x0000000015ce0000)]
  0x0000000014d98800 JavaThread "Finalizer" daemon [_thread_blocked, id=7232, stack(0x00000000159e0000,0x0000000015ae0000)]
  0x0000000002aad800 JavaThread "Reference Handler" daemon [_thread_blocked, id=1736, stack(0x00000000158e0000,0x00000000159e0000)]
=>0x00000000028be000 JavaThread "main" [_thread_in_vm, id=5932, stack(0x0000000002790000,0x0000000002890000)]

Other Threads:
  0x0000000014d76800 VMThread [stack: 0x00000000157e0000,0x00000000158e0000] [id=8088]
  0x0000000014e07000 WatcherThread [stack: 0x00000000160e0000,0x00000000161e0000] [id=2104]

VM state:not at safepoint (normal execution)

VM Mutex/Monitor currently owned by a thread: None

Heap:
 PSYoungGen      total 18432K, used 1587K [0x00000000eb980000, 0x00000000ece00000, 0x0000000100000000)
  eden space 15872K, 10% used [0x00000000eb980000,0x00000000ebb0cdc8,0x00000000ec900000)
  from space 2560K, 0% used [0x00000000ecb80000,0x00000000ecb80000,0x00000000ece00000)
  to   space 2560K, 0% used [0x00000000ec900000,0x00000000ec900000,0x00000000ecb80000)
 ParOldGen       total 42496K, used 0K [0x00000000c2c00000, 0x00000000c5580000, 0x00000000eb980000)
  object space 42496K, 0% used [0x00000000c2c00000,0x00000000c2c00000,0x00000000c5580000)
 Metaspace       used 4074K, capacity 4710K, committed 4864K, reserved 1056768K
  class space    used 472K, capacity 512K, committed 512K, reserved 1048576K

Card table byte_map: [0x0000000011e80000,0x0000000012070000] byte_map_base: 0x000000001186a000

Marking Bits: (ParMarkBitMap*) 0x000000005ef82d00
 Begin Bits: [0x00000000123c0000, 0x0000000013310000)
 End Bits:   [0x0000000013310000, 0x0000000014260000)

Polling page: 0x0000000000b80000

CodeCache: size=245760Kb used=1244Kb max_used=1244Kb free=244515Kb
 bounds [0x0000000002ac0000, 0x0000000002d30000, 0x0000000011ac0000]
 total_blobs=365 nmethods=105 adapters=174
 compilation: enabled

Compilation events (10 events):
Event: 0.870 Thread 0x0000000014dac800   98       3       java.lang.reflect.Modifier::isStatic (13 bytes)
Event: 0.870 Thread 0x0000000014dac800 nmethod 98 0x0000000002bf40d0 code [0x0000000002bf4220, 0x0000000002bf43b0]
Event: 0.871 Thread 0x0000000014dac800   99       3       java.lang.invoke.MemberName::isStatic (8 bytes)
Event: 0.871 Thread 0x0000000014dac800 nmethod 99 0x0000000002bf4410 code [0x0000000002bf4580, 0x0000000002bf4790]
Event: 0.873 Thread 0x0000000014dac800  100       3       java.lang.invoke.MethodTypeForm::canonicalize (233 bytes)
Event: 0.876 Thread 0x0000000014dac800 nmethod 100 0x0000000002bf4a90 code [0x0000000002bf4ce0, 0x0000000002bf5898]
Event: 0.877 Thread 0x0000000014dac800  102       3       java.lang.invoke.MethodType::checkSlotCount (33 bytes)
Event: 0.879 Thread 0x0000000014dac800 nmethod 102 0x0000000002bf5dd0 code [0x0000000002bf5fc0, 0x0000000002bf6818]
Event: 0.879 Thread 0x0000000014dac800  105       3       java.lang.invoke.MemberName::testAllFlags (7 bytes)
Event: 0.880 Thread 0x0000000014dac800 nmethod 105 0x0000000002bf6e90 code [0x0000000002bf7000, 0x0000000002bf7210]

GC Heap History (0 events):
No events

Deoptimization events (0 events):
No events

Classes redefined (0 events):
No events

Internal exceptions (7 events):
Event: 0.214 Thread 0x00000000028be000 Exception <a 'java/lang/NoSuchMethodError': Method sun.misc.Unsafe.defineClass(Ljava/lang/String;[BII)Ljava/lang/Class; name or signature does not match> (0x00000000eb987cb0) thrown at [C:\re\workspace\8-2-build-windows-amd64-cygwin\jdk8u181\11358\hotspot
Event: 0.214 Thread 0x00000000028be000 Exception <a 'java/lang/NoSuchMethodError': Method sun.misc.Unsafe.prefetchRead(Ljava/lang/Object;J)V name or signature does not match> (0x00000000eb987f98) thrown at [C:\re\workspace\8-2-build-windows-amd64-cygwin\jdk8u181\11358\hotspot\src\share\vm\prim
Event: 0.692 Thread 0x00000000028be000 Exception <a 'java/security/PrivilegedActionException'> (0x00000000eba0fb40) thrown at [C:\re\workspace\8-2-build-windows-amd64-cygwin\jdk8u181\11358\hotspot\src\share\vm\prims\jvm.cpp, line 1435]
Event: 0.692 Thread 0x00000000028be000 Exception <a 'java/security/PrivilegedActionException'> (0x00000000eba0fd50) thrown at [C:\re\workspace\8-2-build-windows-amd64-cygwin\jdk8u181\11358\hotspot\src\share\vm\prims\jvm.cpp, line 1435]
Event: 0.705 Thread 0x00000000028be000 Exception <a 'java/security/PrivilegedActionException'> (0x00000000eba13c60) thrown at [C:\re\workspace\8-2-build-windows-amd64-cygwin\jdk8u181\11358\hotspot\src\share\vm\prims\jvm.cpp, line 1435]
Event: 0.705 Thread 0x00000000028be000 Exception <a 'java/security/PrivilegedActionException'> (0x00000000eba13e70) thrown at [C:\re\workspace\8-2-build-windows-amd64-cygwin\jdk8u181\11358\hotspot\src\share\vm\prims\jvm.cpp, line 1435]
Event: 0.745 Thread 0x00000000028be000 Exception <a 'java/io/FileNotFoundException'> (0x00000000eba1abb0) thrown at [C:\re\workspace\8-2-build-windows-amd64-cygwin\jdk8u181\11358\hotspot\src\share\vm\prims\jni.cpp, line 709]

Events (10 events):
Event: 0.849 loading class java/util/ListIterator done
Event: 0.849 loading class java/util/SubList$1 done
Event: 0.849 loading class java/util/AbstractList$ListItr
Event: 0.850 loading class java/util/AbstractList$ListItr done
Event: 0.871 loading class java/lang/invoke/MethodHandleImpl$AsVarargsCollector
Event: 0.871 loading class java/lang/invoke/DelegatingMethodHandle
Event: 0.871 loading class java/lang/invoke/DelegatingMethodHandle done
Event: 0.872 loading class java/lang/invoke/MethodHandleImpl$AsVarargsCollector done
Event: 0.876 loading class java/lang/invoke/WrongMethodTypeException
Event: 0.877 loading class java/lang/invoke/WrongMethodTypeException done


Dynamic libraries:
0x00007ff6280f0000 - 0x00007ff628127000 	C:\Program Files\Java\jdk1.8.0_181\bin\java.exe
0x00007fff610a0000 - 0x00007fff61290000 	C:\Windows\SYSTEM32\ntdll.dll
0x00007fff60bf0000 - 0x00007fff60ca2000 	C:\Windows\System32\KERNEL32.DLL
0x00007fff5e350000 - 0x00007fff5e5f5000 	C:\Windows\System32\KERNELBASE.dll
0x00007fff5fe70000 - 0x00007fff5ff13000 	C:\Windows\System32\ADVAPI32.dll
0x00007fff5f490000 - 0x00007fff5f52e000 	C:\Windows\System32\msvcrt.dll
0x00007fff5fdd0000 - 0x00007fff5fe67000 	C:\Windows\System32\sechost.dll
0x00007fff60e70000 - 0x00007fff60f8f000 	C:\Windows\System32\RPCRT4.dll
0x00007fff604d0000 - 0x00007fff60664000 	C:\Windows\System32\USER32.dll
0x00007fff5ef50000 - 0x00007fff5ef71000 	C:\Windows\System32\win32u.dll
0x00007fff60790000 - 0x00007fff607b6000 	C:\Windows\System32\GDI32.dll
0x00007fff5ef80000 - 0x00007fff5f118000 	C:\Windows\System32\gdi32full.dll
0x00007fff5e010000 - 0x00007fff5e0ae000 	C:\Windows\System32\msvcp_win.dll
0x00007fff5e6d0000 - 0x00007fff5e7ca000 	C:\Windows\System32\ucrtbase.dll
0x00007fff44640000 - 0x00007fff448c4000 	C:\Windows\WinSxS\amd64_microsoft.windows.common-controls_6595b64144ccf1df_6.0.18362.1556_none_9e7e372fe45e41d5\COMCTL32.dll
0x00007fff60890000 - 0x00007fff60bc6000 	C:\Windows\System32\combase.dll
0x00007fff5e0b0000 - 0x00007fff5e131000 	C:\Windows\System32\bcryptPrimitives.dll
0x00007fff60700000 - 0x00007fff6072e000 	C:\Windows\System32\IMM32.DLL
0x000000005e680000 - 0x000000005e752000 	C:\Program Files\Java\jdk1.8.0_181\jre\bin\msvcr100.dll
0x000000005e760000 - 0x000000005f002000 	C:\Program Files\Java\jdk1.8.0_181\jre\bin\server\jvm.dll
0x00007fff5f480000 - 0x00007fff5f488000 	C:\Windows\System32\PSAPI.DLL
0x00007fff538a0000 - 0x00007fff538a9000 	C:\Windows\SYSTEM32\WSOCK32.dll
0x00007fff60670000 - 0x00007fff606df000 	C:\Windows\System32\WS2_32.dll
0x00007fff5bd50000 - 0x00007fff5bd74000 	C:\Windows\SYSTEM32\WINMM.dll
0x00007fff570f0000 - 0x00007fff570fa000 	C:\Windows\SYSTEM32\VERSION.dll
0x00007fff5bd20000 - 0x00007fff5bd4d000 	C:\Windows\SYSTEM32\WINMMBASE.dll
0x00007fff5e2a0000 - 0x00007fff5e2ea000 	C:\Windows\System32\cfgmgr32.dll
0x000000005e630000 - 0x000000005e63f000 	C:\Program Files\Java\jdk1.8.0_181\jre\bin\verify.dll
0x000000005e600000 - 0x000000005e629000 	C:\Program Files\Java\jdk1.8.0_181\jre\bin\java.dll
0x000000005e5e0000 - 0x000000005e5f6000 	C:\Program Files\Java\jdk1.8.0_181\jre\bin\zip.dll
0x00007fff5f530000 - 0x00007fff5fc17000 	C:\Windows\System32\SHELL32.dll
0x00007fff5f150000 - 0x00007fff5f1f8000 	C:\Windows\System32\shcore.dll
0x00007fff5e7d0000 - 0x00007fff5ef4b000 	C:\Windows\System32\windows.storage.dll
0x00007fff5dff0000 - 0x00007fff5e00e000 	C:\Windows\System32\profapi.dll
0x00007fff5df60000 - 0x00007fff5dfaa000 	C:\Windows\System32\powrprof.dll
0x00007fff5df50000 - 0x00007fff5df60000 	C:\Windows\System32\UMPDC.dll
0x00007fff5f370000 - 0x00007fff5f3c2000 	C:\Windows\System32\shlwapi.dll
0x00007fff5dfd0000 - 0x00007fff5dfe1000 	C:\Windows\System32\kernel.appcore.dll
0x00007fff5e600000 - 0x00007fff5e617000 	C:\Windows\System32\cryptsp.dll
0x000000005e400000 - 0x000000005e599000 	C:\Program Files\Java\jdk1.8.0_181\jre\bin\awt.dll
0x00007fff607c0000 - 0x00007fff60885000 	C:\Windows\System32\OLEAUT32.dll
0x00007fff5be80000 - 0x00007fff5bf0f000 	C:\Windows\SYSTEM32\apphelp.dll

VM Arguments:
jvm_args: -Dfile.encoding=UTF-8 
java_command: client.Client
java_class_path (initial): F:\Information Systems Development & Technology\Java\Project\Client\build\classes
Launcher Type: SUN_STANDARD

Environment Variables:
PATH=C:\Program Files (x86)\Common Files\Oracle\Java\javapath;C:\Windows\system32;C:\Windows;C:\Windows\System32\Wbem;C:\Windows\System32\WindowsPowerShell\v1.0\;C:\Windows\System32\OpenSSH\;C:\Program Files (x86)\GtkSharp\2.12\bin;C:\Program Files\Microsoft SQL Server\Client SDK\ODBC\170\Tools\Binn\;C:\Program Files (x86)\Microsoft SQL Server\150\Tools\Binn\;C:\Program Files\Microsoft SQL Server\150\Tools\Binn\;C:\Program Files\Microsoft SQL Server\150\DTS\Binn\;C:\Program Files\dotnet\;C:\Program Files\Microsoft SQL Server\130\Tools\Binn\;C:\Program Files (x86)\Microsoft SQL Server\150\DTS\Binn\;C:\Users\Sanele\AppData\Local\Microsoft\WindowsApps;C:\Users\Sanele\.dotnet\tools
USERNAME=Sanele
OS=Windows_NT
PROCESSOR_IDENTIFIER=AMD64 Family 21 Model 112 Stepping 0, AuthenticAMD



---------------  S Y S T E M  ---------------

OS: Windows 10.0 , 64 bit Build 18362 (10.0.18362.1500)

CPU:total 2 (initial active 2) (2 cores per cpu, 1 threads per core) family 21 model 112 stepping 0, cmov, cx8, fxsr, mmx, sse, sse2, sse3, ssse3, sse4.1, sse4.2, popcnt, avx, avx2, aes, clmul, mmxext, 3dnowpref, lzcnt, sse4a, tsc, tscinvbit, tscinv, bmi1

Memory: 4k page, physical 4012596k(968992k free), swap 5722744k(8200k free)

vm_info: Java HotSpot(TM) 64-Bit Server VM (25.181-b13) for windows-amd64 JRE (1.8.0_181-b13), built on Jul  7 2018 04:01:33 by "java_re" with MS VC++ 10.0 (VS2010)

time: Fri Sep 17 07:49:12 2021
elapsed time: 0 seconds (0d 0h 0m 0s)

